<?xml version="1.0" encoding="UTF-8"?>
<!-- Generated by org.testng.reporters.JUnitXMLReporter -->
<testsuite ignored="0" hostname="Madhavi" failures="2" tests="5" name="Test" time="42.082" errors="0" timestamp="2021-05-20T10:08:40 EDT">
  <testcase classname="com.inetbanking.testcases.TC_loginDDT_002" name="loginDDT" time="7.956"/>
  <testcase classname="com.inetbanking.testcases.TC_loginDDT_002" name="loginDDT" time="3.934">
    <failure type="java.lang.AssertionError">
      <![CDATA[java.lang.AssertionError
at org.junit.Assert.fail(Assert.java:86)
at org.junit.Assert.assertTrue(Assert.java:41)
at org.junit.Assert.assertTrue(Assert.java:52)
at com.inetbanking.testcases.TC_loginDDT_002.loginDDT(TC_loginDDT_002.java:30)
at java.base/java.util.ArrayList.forEach(ArrayList.java:1511)
... Removed 27 stack frames]]>
    </failure>
  </testcase> <!-- loginDDT -->
  <testcase classname="com.inetbanking.testcases.TC_loginDDT_002" name="loginDDT" time="8.015"/>
  <testcase classname="com.inetbanking.testcases.TC_loginDDT_002" name="loginDDT" time="4.289">
    <failure type="java.lang.AssertionError">
      <![CDATA[java.lang.AssertionError
at org.junit.Assert.fail(Assert.java:86)
at org.junit.Assert.assertTrue(Assert.java:41)
at org.junit.Assert.assertTrue(Assert.java:52)
at com.inetbanking.testcases.TC_loginDDT_002.loginDDT(TC_loginDDT_002.java:30)
at java.base/java.util.ArrayList.forEach(ArrayList.java:1511)
... Removed 27 stack frames]]>
    </failure>
  </testcase> <!-- loginDDT -->
  <testcase classname="com.inetbanking.testcases.TC_loginDDT_002" name="loginDDT" time="8.159"/>
</testsuite> <!-- Test -->
